# JRE version: Java(TM) SE Runtime Environment (7.0_67-b01) (build 1.7.0_67-b01)
# Java VM: Java HotSpot(TM) Client VM (24.65-b04 mixed mode, sharing windows-x86 )
Heap
 def new generation   total 4928K, used 1501K [0x24800000, 0x24d50000, 0x29d50000)
  eden space 4416K,  22% used [0x24800000, 0x248f7460, 0x24c50000)
  from space 512K, 100% used [0x24c50000, 0x24cd0000, 0x24cd0000)
  to   space 512K,   0% used [0x24cd0000, 0x24cd0000, 0x24d50000)
 tenured generation   total 10944K, used 2197K [0x29d50000, 0x2a800000, 0x34800000)
   the space 10944K,  20% used [0x29d50000, 0x29f75438, 0x29f75600, 0x2a800000)
 compacting perm gen  total 12288K, used 3476K [0x34800000, 0x35400000, 0x38800000)
   the space 12288K,  28% used [0x34800000, 0x34b65160, 0x34b65200, 0x35400000)
    ro space 10240K,  42% used [0x38800000, 0x38c34650, 0x38c34800, 0x39200000)
    rw space 12288K,  52% used [0x39200000, 0x3984be40, 0x3984c000, 0x39e00000)
GC Heap History (8 events):
Event: 0.689 GC heap before
{Heap before GC invocations=0 (full 0):
 def new generation   total 4928K, used 4416K [0x24800000, 0x24d50000, 0x29d50000)
  eden space 4416K, 100% used [0x24800000, 0x24c50000, 0x24c50000)
  from space 512K,   0% used [0x24c50000, 0x24c50000, 0x24cd0000)
  to   space 512K,   0% used [0x24cd0000, 0x24cd0000, 0x24d50000)
 tenured generation   total 10944K, used 0K [0x29d50000, 0x2a800000, 0x34800000)
   the space 10944K,   0% used [0x29d50000, 0x29d50000, 0x29d50200, 0x2a800000)
 compacting perm gen  total 12288K, used 1041K [0x34800000, 0x35400000, 0x38800000)
   the space 12288K,   8% used [0x34800000, 0x34904568, 0x34904600, 0x35400000)
    ro space 10240K,  42% used [0x38800000, 0x38c34650, 0x38c34800, 0x39200000)
    rw space 12288K,  52% used [0x39200000, 0x3984be40, 0x3984c000, 0x39e00000)
Event: 0.694 GC heap after
Heap after GC invocations=1 (full 0):
 def new generation   total 4928K, used 512K [0x24800000, 0x24d50000, 0x29d50000)
  eden space 4416K,   0% used [0x24800000, 0x24800000, 0x24c50000)
  from space 512K, 100% used [0x24cd0000, 0x24d50000, 0x24d50000)
  to   space 512K,   0% used [0x24c50000, 0x24c50000, 0x24cd0000)
 tenured generation   total 10944K, used 524K [0x29d50000, 0x2a800000, 0x34800000)
   the space 10944K,   4% used [0x29d50000, 0x29dd31f8, 0x29dd3200, 0x2a800000)
 compacting perm gen  total 12288K, used 1041K [0x34800000, 0x35400000, 0x38800000)
   the space 12288K,   8% used [0x34800000, 0x34904568, 0x34904600, 0x35400000)
    ro space 10240K,  42% used [0x38800000, 0x38c34650, 0x38c34800, 0x39200000)
    rw space 12288K,  52% used [0x39200000, 0x3984be40, 0x3984c000, 0x39e00000)
}
Event: 1.162 GC heap before
{Heap before GC invocations=1 (full 0):
 def new generation   total 4928K, used 4928K [0x24800000, 0x24d50000, 0x29d50000)
  eden space 4416K, 100% used [0x24800000, 0x24c50000, 0x24c50000)
  from space 512K, 100% used [0x24cd0000, 0x24d50000, 0x24d50000)
  to   space 512K,   0% used [0x24c50000, 0x24c50000, 0x24cd0000)
 tenured generation   total 10944K, used 524K [0x29d50000, 0x2a800000, 0x34800000)
   the space 10944K,   4% used [0x29d50000, 0x29dd31f8, 0x29dd3200, 0x2a800000)
 compacting perm gen  total 12288K, used 1955K [0x34800000, 0x35400000, 0x38800000)
   the space 12288K,  15% used [0x34800000, 0x349e8f90, 0x349e9000, 0x35400000)
    ro space 10240K,  42% used [0x38800000, 0x38c34650, 0x38c34800, 0x39200000)
    rw space 12288K,  52% used [0x39200000, 0x3984be40, 0x3984c000, 0x39e00000)
Event: 1.171 GC heap after
Heap after GC invocations=2 (full 0):
 def new generation   total 4928K, used 511K [0x24800000, 0x24d50000, 0x29d50000)
  eden space 4416K,   0% used [0x24800000, 0x24800000, 0x24c50000)
  from space 512K,  99% used [0x24c50000, 0x24ccfff8, 0x24cd0000)
  to   space 512K,   0% used [0x24cd0000, 0x24cd0000, 0x24d50000)
 tenured generation   total 10944K, used 1505K [0x29d50000, 0x2a800000, 0x34800000)
   the space 10944K,  13% used [0x29d50000, 0x29ec8518, 0x29ec8600, 0x2a800000)
 compacting perm gen  total 12288K, used 1955K [0x34800000, 0x35400000, 0x38800000)
   the space 12288K,  15% used [0x34800000, 0x349e8f90, 0x349e9000, 0x35400000)
    ro space 10240K,  42% used [0x38800000, 0x38c34650, 0x38c34800, 0x39200000)
    rw space 12288K,  52% used [0x39200000, 0x3984be40, 0x3984c000, 0x39e00000)
}
Event: 1.496 GC heap before
{Heap before GC invocations=2 (full 0):
 def new generation   total 4928K, used 4792K [0x24800000, 0x24d50000, 0x29d50000)
  eden space 4416K,  96% used [0x24800000, 0x24c2e100, 0x24c50000)
  from space 512K,  99% used [0x24c50000, 0x24ccfff8, 0x24cd0000)
  to   space 512K,   0% used [0x24cd0000, 0x24cd0000, 0x24d50000)
 tenured generation   total 10944K, used 1505K [0x29d50000, 0x2a800000, 0x34800000)
   the space 10944K,  13% used [0x29d50000, 0x29ec8518, 0x29ec8600, 0x2a800000)
 compacting perm gen  total 12288K, used 2104K [0x34800000, 0x35400000, 0x38800000)
   the space 12288K,  17% used [0x34800000, 0x34a0e368, 0x34a0e400, 0x35400000)
    ro space 10240K,  42% used [0x38800000, 0x38c34650, 0x38c34800, 0x39200000)
    rw space 12288K,  52% used [0x39200000, 0x3984be40, 0x3984c000, 0x39e00000)
Event: 1.501 GC heap after
Heap after GC invocations=3 (full 0):
 def new generation   total 4928K, used 166K [0x24800000, 0x24d50000, 0x29d50000)
  eden space 4416K,   0% used [0x24800000, 0x24800000, 0x24c50000)
  from space 512K,  32% used [0x24cd0000, 0x24cf9820, 0x24d50000)
  to   space 512K,   0% used [0x24c50000, 0x24c50000, 0x24cd0000)
 tenured generation   total 10944K, used 1846K [0x29d50000, 0x2a800000, 0x34800000)
   the space 10944K,  16% used [0x29d50000, 0x29f1dac0, 0x29f1dc00, 0x2a800000)
 compacting perm gen  total 12288K, used 2104K [0x34800000, 0x35400000, 0x38800000)
   the space 12288K,  17% used [0x34800000, 0x34a0e368, 0x34a0e400, 0x35400000)
    ro space 10240K,  42% used [0x38800000, 0x38c34650, 0x38c34800, 0x39200000)
    rw space 12288K,  52% used [0x39200000, 0x3984be40, 0x3984c000, 0x39e00000)
}
Event: 6.249 GC heap before
{Heap before GC invocations=3 (full 0):
 def new generation   total 4928K, used 4582K [0x24800000, 0x24d50000, 0x29d50000)
  eden space 4416K, 100% used [0x24800000, 0x24c50000, 0x24c50000)
  from space 512K,  32% used [0x24cd0000, 0x24cf9820, 0x24d50000)
  to   space 512K,   0% used [0x24c50000, 0x24c50000, 0x24cd0000)
 tenured generation   total 10944K, used 1846K [0x29d50000, 0x2a800000, 0x34800000)
   the space 10944K,  16% used [0x29d50000, 0x29f1dac0, 0x29f1dc00, 0x2a800000)
 compacting perm gen  total 12288K, used 3384K [0x34800000, 0x35400000, 0x38800000)
   the space 12288K,  27% used [0x34800000, 0x34b4e0b0, 0x34b4e200, 0x35400000)
    ro space 10240K,  42% used [0x38800000, 0x38c34650, 0x38c34800, 0x39200000)
    rw space 12288K,  52% used [0x39200000, 0x3984be40, 0x3984c000, 0x39e00000)
Event: 6.259 GC heap after
Heap after GC invocations=4 (full 0):
 def new generation   total 4928K, used 512K [0x24800000, 0x24d50000, 0x29d50000)
  eden space 4416K,   0% used [0x24800000, 0x24800000, 0x24c50000)
  from space 512K, 100% used [0x24c50000, 0x24cd0000, 0x24cd0000)
  to   space 512K,   0% used [0x24cd0000, 0x24cd0000, 0x24d50000)
 tenured generation   total 10944K, used 2197K [0x29d50000, 0x2a800000, 0x34800000)
   the space 10944K,  20% used [0x29d50000, 0x29f75438, 0x29f75600, 0x2a800000)
 compacting perm gen  total 12288K, used 3384K [0x34800000, 0x35400000, 0x38800000)
   the space 12288K,  27% used [0x34800000, 0x34b4e0b0, 0x34b4e200, 0x35400000)
    ro space 10240K,  42% used [0x38800000, 0x38c34650, 0x38c34800, 0x39200000)
    rw space 12288K,  52% used [0x39200000, 0x3984be40, 0x3984c000, 0x39e00000)
}

